  [1m[35m (79.3ms)[0m  [1m[35mSET NAMES utf8,  @@SESSION.sql_mode = CONCAT(CONCAT(@@sql_mode, ',STRICT_ALL_TABLES'), ',NO_AUTO_VALUE_ON_ZERO'),  @@SESSION.sql_auto_is_null = 0, @@SESSION.wait_timeout = 2147483[0m
  ↳ bin/rails:9
  [1m[35m (120.3ms)[0m  [1m[35mCREATE DATABASE `sns_development` DEFAULT CHARACTER SET `utf8`[0m
  ↳ bin/rails:9
  [1m[35m (1.0ms)[0m  [1m[35mSET NAMES utf8,  @@SESSION.sql_mode = CONCAT(CONCAT(@@sql_mode, ',STRICT_ALL_TABLES'), ',NO_AUTO_VALUE_ON_ZERO'),  @@SESSION.sql_auto_is_null = 0, @@SESSION.wait_timeout = 2147483[0m
  ↳ bin/rails:9
  [1m[35m (19.7ms)[0m  [1m[35mCREATE DATABASE `sns_test` DEFAULT CHARACTER SET `utf8`[0m
  ↳ bin/rails:9
  [1m[35m (27.9ms)[0m  [1m[35mSET NAMES utf8,  @@SESSION.sql_mode = CONCAT(CONCAT(@@sql_mode, ',STRICT_ALL_TABLES'), ',NO_AUTO_VALUE_ON_ZERO'),  @@SESSION.sql_auto_is_null = 0, @@SESSION.wait_timeout = 2147483[0m
  ↳ bin/rails:9
  [1m[35m (187.9ms)[0m  [1m[35mCREATE TABLE `schema_migrations` (`version` varchar(255) NOT NULL PRIMARY KEY)[0m
  ↳ bin/rails:9
  [1m[35m (17.3ms)[0m  [1m[35mCREATE TABLE `ar_internal_metadata` (`key` varchar(255) NOT NULL PRIMARY KEY, `value` varchar(255), `created_at` datetime NOT NULL, `updated_at` datetime NOT NULL)[0m
  ↳ bin/rails:9
  [1m[35m (4.5ms)[0m  [1m[34mSELECT GET_LOCK('3486611645957555010', 0)[0m
  ↳ bin/rails:9
  [1m[35m (4.5ms)[0m  [1m[34mSELECT `schema_migrations`.`version` FROM `schema_migrations` ORDER BY `schema_migrations`.`version` ASC[0m
  ↳ bin/rails:9
Migrating to DeviseCreateUsers (20181019123816)
  [1m[35m (26.1ms)[0m  [1m[35mCREATE TABLE `users` (`id` bigint NOT NULL AUTO_INCREMENT PRIMARY KEY, `email` varchar(255) DEFAULT '' NOT NULL, `encrypted_password` varchar(255) DEFAULT '' NOT NULL, `reset_password_token` varchar(255), `reset_password_sent_at` datetime, `remember_created_at` datetime, `name` varchar(255), `created_at` datetime NOT NULL, `updated_at` datetime NOT NULL)[0m
  ↳ db/migrate/20181019123816_devise_create_users.rb:5
  [1m[35m (36.6ms)[0m  [1m[35mCREATE UNIQUE INDEX `index_users_on_email`  ON `users` (`email`) [0m
  ↳ db/migrate/20181019123816_devise_create_users.rb:40
  [1m[35m (21.8ms)[0m  [1m[35mCREATE UNIQUE INDEX `index_users_on_reset_password_token`  ON `users` (`reset_password_token`) [0m
  ↳ db/migrate/20181019123816_devise_create_users.rb:41
  [1m[35m (0.3ms)[0m  [1m[35mBEGIN[0m
  ↳ bin/rails:9
  [1m[36mActiveRecord::SchemaMigration Create (3.1ms)[0m  [1m[32mINSERT INTO `schema_migrations` (`version`) VALUES ('20181019123816')[0m
  ↳ bin/rails:9
  [1m[35m (7.1ms)[0m  [1m[35mCOMMIT[0m
  ↳ bin/rails:9
  [1m[36mActiveRecord::InternalMetadata Load (0.8ms)[0m  [1m[34mSELECT  `ar_internal_metadata`.* FROM `ar_internal_metadata` WHERE `ar_internal_metadata`.`key` = 'environment' LIMIT 1[0m
  ↳ bin/rails:9
  [1m[35m (0.3ms)[0m  [1m[35mBEGIN[0m
  ↳ bin/rails:9
  [1m[36mActiveRecord::InternalMetadata Create (0.4ms)[0m  [1m[32mINSERT INTO `ar_internal_metadata` (`key`, `value`, `created_at`, `updated_at`) VALUES ('environment', 'development', '2018-10-19 12:38:36', '2018-10-19 12:38:36')[0m
  ↳ bin/rails:9
  [1m[35m (5.6ms)[0m  [1m[35mCOMMIT[0m
  ↳ bin/rails:9
  [1m[35m (3.6ms)[0m  [1m[34mSELECT RELEASE_LOCK('3486611645957555010')[0m
  ↳ bin/rails:9
  [1m[35m (0.6ms)[0m  [1m[34mSELECT `schema_migrations`.`version` FROM `schema_migrations` ORDER BY `schema_migrations`.`version` ASC[0m
  ↳ bin/rails:9
Started GET "/users/sign_up" for ::1 at 2018-10-19 23:00:17 +0900
  [1m[35m (3.4ms)[0m  [1m[35mSET NAMES utf8,  @@SESSION.sql_mode = CONCAT(CONCAT(@@sql_mode, ',STRICT_ALL_TABLES'), ',NO_AUTO_VALUE_ON_ZERO'),  @@SESSION.sql_auto_is_null = 0, @@SESSION.wait_timeout = 2147483[0m
  ↳ /Library/Ruby/Gems/2.3.0/gems/activerecord-5.2.0/lib/active_record/log_subscriber.rb:98
  [1m[35m (17.9ms)[0m  [1m[34mSELECT `schema_migrations`.`version` FROM `schema_migrations` ORDER BY `schema_migrations`.`version` ASC[0m
  ↳ /Library/Ruby/Gems/2.3.0/gems/activerecord-5.2.0/lib/active_record/log_subscriber.rb:98

ActiveRecord::PendingMigrationError - Migrations are pending. To resolve this issue, run:

        bin/rails db:migrate RAILS_ENV=development

:

Started POST "/__better_errors/2d3e03de56750a8d/variables" for ::1 at 2018-10-19 23:00:18 +0900
Started POST "/__better_errors/2d3e03de56750a8d/variables" for ::1 at 2018-10-19 23:00:26 +0900
Started POST "/__better_errors/2d3e03de56750a8d/variables" for ::1 at 2018-10-19 23:00:27 +0900
Started POST "/__better_errors/2d3e03de56750a8d/variables" for ::1 at 2018-10-19 23:00:28 +0900
Started POST "/__better_errors/2d3e03de56750a8d/variables" for ::1 at 2018-10-19 23:00:29 +0900
Started POST "/__better_errors/2d3e03de56750a8d/variables" for ::1 at 2018-10-19 23:00:30 +0900
Started POST "/__better_errors/2d3e03de56750a8d/variables" for ::1 at 2018-10-19 23:00:31 +0900
Started POST "/__better_errors/2d3e03de56750a8d/variables" for ::1 at 2018-10-19 23:00:31 +0900
  [1m[35m (0.6ms)[0m  [1m[35mSET NAMES utf8,  @@SESSION.sql_mode = CONCAT(CONCAT(@@sql_mode, ',STRICT_ALL_TABLES'), ',NO_AUTO_VALUE_ON_ZERO'),  @@SESSION.sql_auto_is_null = 0, @@SESSION.wait_timeout = 2147483[0m
  ↳ bin/rails:9
  [1m[35m (0.3ms)[0m  [1m[34mSELECT GET_LOCK('3486611645957555010', 0)[0m
  ↳ bin/rails:9
  [1m[35m (0.7ms)[0m  [1m[34mSELECT `schema_migrations`.`version` FROM `schema_migrations` ORDER BY `schema_migrations`.`version` ASC[0m
  ↳ bin/rails:9
Migrating to CreatePosts (20181019124643)
  [1m[35m (109.7ms)[0m  [1m[35mCREATE TABLE `posts` (`id` bigint NOT NULL AUTO_INCREMENT PRIMARY KEY, `title` varchar(255), `body` text, `trans` int, `user_id` bigint, `created_at` datetime NOT NULL, `updated_at` datetime NOT NULL,  INDEX `index_posts_on_user_id`  (`user_id`), CONSTRAINT `fk_rails_5b5ddfd518`
FOREIGN KEY (`user_id`)
  REFERENCES `users` (`id`)
)[0m
  ↳ db/migrate/20181019124643_create_posts.rb:3
  [1m[35m (0.3ms)[0m  [1m[35mBEGIN[0m
  ↳ bin/rails:9
  [1m[36mActiveRecord::SchemaMigration Create (5.0ms)[0m  [1m[32mINSERT INTO `schema_migrations` (`version`) VALUES ('20181019124643')[0m
  ↳ bin/rails:9
  [1m[35m (3.1ms)[0m  [1m[35mCOMMIT[0m
  ↳ bin/rails:9
  [1m[36mActiveRecord::InternalMetadata Load (3.5ms)[0m  [1m[34mSELECT  `ar_internal_metadata`.* FROM `ar_internal_metadata` WHERE `ar_internal_metadata`.`key` = 'environment' LIMIT 1[0m
  ↳ bin/rails:9
  [1m[35m (0.3ms)[0m  [1m[35mBEGIN[0m
  ↳ bin/rails:9
  [1m[35m (0.2ms)[0m  [1m[35mCOMMIT[0m
  ↳ bin/rails:9
  [1m[35m (3.6ms)[0m  [1m[34mSELECT RELEASE_LOCK('3486611645957555010')[0m
  ↳ bin/rails:9
  [1m[35m (0.6ms)[0m  [1m[34mSELECT `schema_migrations`.`version` FROM `schema_migrations` ORDER BY `schema_migrations`.`version` ASC[0m
  ↳ bin/rails:9
Started GET "/users/sign_up" for ::1 at 2018-10-19 23:01:19 +0900
  [1m[35m (0.9ms)[0m  [1m[35mSET NAMES utf8,  @@SESSION.sql_mode = CONCAT(CONCAT(@@sql_mode, ',STRICT_ALL_TABLES'), ',NO_AUTO_VALUE_ON_ZERO'),  @@SESSION.sql_auto_is_null = 0, @@SESSION.wait_timeout = 2147483[0m
  ↳ /Library/Ruby/Gems/2.3.0/gems/activerecord-5.2.0/lib/active_record/log_subscriber.rb:98
  [1m[35m (0.4ms)[0m  [1m[34mSELECT `schema_migrations`.`version` FROM `schema_migrations` ORDER BY `schema_migrations`.`version` ASC[0m
  ↳ /Library/Ruby/Gems/2.3.0/gems/activerecord-5.2.0/lib/active_record/log_subscriber.rb:98

NameError - uninitialized constant Users:

Started POST "/__better_errors/49da2d2cba22fd98/variables" for ::1 at 2018-10-19 23:01:19 +0900
Started POST "/__better_errors/49da2d2cba22fd98/variables" for ::1 at 2018-10-19 23:02:11 +0900
Started POST "/__better_errors/49da2d2cba22fd98/variables" for ::1 at 2018-10-19 23:02:13 +0900
Started POST "/__better_errors/49da2d2cba22fd98/variables" for ::1 at 2018-10-19 23:02:14 +0900
Started POST "/__better_errors/49da2d2cba22fd98/variables" for ::1 at 2018-10-19 23:02:16 +0900
Started POST "/__better_errors/49da2d2cba22fd98/variables" for ::1 at 2018-10-19 23:02:17 +0900
Started POST "/__better_errors/49da2d2cba22fd98/variables" for ::1 at 2018-10-19 23:02:19 +0900
Started POST "/__better_errors/49da2d2cba22fd98/variables" for ::1 at 2018-10-19 23:02:20 +0900
Started POST "/__better_errors/49da2d2cba22fd98/variables" for ::1 at 2018-10-19 23:02:21 +0900
Started POST "/__better_errors/49da2d2cba22fd98/variables" for ::1 at 2018-10-19 23:02:22 +0900
Started POST "/__better_errors/49da2d2cba22fd98/variables" for ::1 at 2018-10-19 23:02:23 +0900
Started POST "/__better_errors/49da2d2cba22fd98/variables" for ::1 at 2018-10-19 23:02:24 +0900
Started POST "/__better_errors/49da2d2cba22fd98/variables" for ::1 at 2018-10-19 23:02:28 +0900
Started POST "/__better_errors/49da2d2cba22fd98/variables" for ::1 at 2018-10-19 23:02:29 +0900
Started POST "/__better_errors/49da2d2cba22fd98/variables" for ::1 at 2018-10-19 23:02:30 +0900
Started POST "/__better_errors/49da2d2cba22fd98/variables" for ::1 at 2018-10-19 23:02:31 +0900
Started POST "/__better_errors/49da2d2cba22fd98/variables" for ::1 at 2018-10-19 23:02:32 +0900
Started POST "/__better_errors/49da2d2cba22fd98/variables" for ::1 at 2018-10-19 23:02:33 +0900
Started POST "/__better_errors/49da2d2cba22fd98/variables" for ::1 at 2018-10-19 23:02:34 +0900
Started POST "/__better_errors/49da2d2cba22fd98/variables" for ::1 at 2018-10-19 23:02:35 +0900
Started POST "/__better_errors/49da2d2cba22fd98/variables" for ::1 at 2018-10-19 23:02:36 +0900
Started POST "/__better_errors/49da2d2cba22fd98/variables" for ::1 at 2018-10-19 23:02:37 +0900
Started POST "/__better_errors/49da2d2cba22fd98/variables" for ::1 at 2018-10-19 23:02:38 +0900
Started POST "/__better_errors/49da2d2cba22fd98/variables" for ::1 at 2018-10-19 23:02:39 +0900
Started POST "/__better_errors/49da2d2cba22fd98/variables" for ::1 at 2018-10-19 23:02:40 +0900
Started POST "/__better_errors/49da2d2cba22fd98/variables" for ::1 at 2018-10-19 23:02:41 +0900
Started POST "/__better_errors/49da2d2cba22fd98/variables" for ::1 at 2018-10-19 23:02:42 +0900
Started POST "/__better_errors/49da2d2cba22fd98/variables" for ::1 at 2018-10-19 23:02:43 +0900
Started POST "/__better_errors/49da2d2cba22fd98/variables" for ::1 at 2018-10-19 23:02:44 +0900
Started POST "/__better_errors/49da2d2cba22fd98/variables" for ::1 at 2018-10-19 23:02:45 +0900
Started POST "/__better_errors/49da2d2cba22fd98/variables" for ::1 at 2018-10-19 23:02:45 +0900
Started POST "/__better_errors/49da2d2cba22fd98/variables" for ::1 at 2018-10-19 23:02:47 +0900
Started POST "/__better_errors/49da2d2cba22fd98/variables" for ::1 at 2018-10-19 23:02:47 +0900
Started POST "/__better_errors/49da2d2cba22fd98/variables" for ::1 at 2018-10-19 23:03:38 +0900
Started GET "/users/sign_up" for ::1 at 2018-10-19 23:04:29 +0900

LoadError - Unable to autoload constant Users::RegistrationsController, expected /Users/Shoko/Desktop/Finc/sns/app/controllers/users/registrations_controller.rb to define it:

Started POST "/__better_errors/18daaa64aa21dd26/variables" for ::1 at 2018-10-19 23:04:29 +0900
Started GET "/users/sign_up" for ::1 at 2018-10-19 23:04:32 +0900

LoadError - Unable to autoload constant Users::RegistrationsController, expected /Users/Shoko/Desktop/Finc/sns/app/controllers/users/registrations_controller.rb to define it:

Started POST "/__better_errors/bd56e77153a43c2d/variables" for ::1 at 2018-10-19 23:04:32 +0900
Started GET "/users/sign_up" for ::1 at 2018-10-19 23:07:06 +0900
  [1m[35m (7.0ms)[0m  [1m[35mSET NAMES utf8,  @@SESSION.sql_mode = CONCAT(CONCAT(@@sql_mode, ',STRICT_ALL_TABLES'), ',NO_AUTO_VALUE_ON_ZERO'),  @@SESSION.sql_auto_is_null = 0, @@SESSION.wait_timeout = 2147483[0m
  ↳ /Library/Ruby/Gems/2.3.0/gems/activerecord-5.2.0/lib/active_record/log_subscriber.rb:98
  [1m[35m (0.6ms)[0m  [1m[34mSELECT `schema_migrations`.`version` FROM `schema_migrations` ORDER BY `schema_migrations`.`version` ASC[0m
  ↳ /Library/Ruby/Gems/2.3.0/gems/activerecord-5.2.0/lib/active_record/log_subscriber.rb:98

LoadError - Unable to autoload constant Users::RegistrationsController, expected /Users/Shoko/Desktop/Finc/sns/app/controllers/users/registrations_controller.rb to define it:

Started POST "/__better_errors/cc9a89cedc2e2707/variables" for ::1 at 2018-10-19 23:07:07 +0900
Started POST "/__better_errors/cc9a89cedc2e2707/variables" for ::1 at 2018-10-19 23:12:28 +0900
Started GET "/users/sign_up" for ::1 at 2018-10-19 23:20:55 +0900
  [1m[35m (27.5ms)[0m  [1m[35mSET NAMES utf8,  @@SESSION.sql_mode = CONCAT(CONCAT(@@sql_mode, ',STRICT_ALL_TABLES'), ',NO_AUTO_VALUE_ON_ZERO'),  @@SESSION.sql_auto_is_null = 0, @@SESSION.wait_timeout = 2147483[0m
  ↳ /Library/Ruby/Gems/2.3.0/gems/activerecord-5.2.0/lib/active_record/log_subscriber.rb:98
Processing by Users::RegistrationsController#new as HTML
  Rendering devise/registrations/new.html.erb within layouts/application
  Rendered devise/shared/_links.html.erb (2.4ms)
  Rendered devise/registrations/new.html.erb within layouts/application (142.4ms)
Completed 200 OK in 2298ms (Views: 2081.8ms | ActiveRecord: 125.8ms)


